c:\users\neca\documents\visual studio 2015\projects\grafika\cockpit2\cockpit2\debug\cockpit2.pch
c:\users\neca\documents\visual studio 2015\projects\grafika\cockpit2\cockpit2\debug\vc140.pdb
c:\users\neca\documents\visual studio 2015\projects\grafika\cockpit2\cockpit2\debug\vc140.idb
c:\users\neca\documents\visual studio 2015\projects\grafika\cockpit2\cockpit2\debug\stdafx.obj
c:\users\neca\documents\visual studio 2015\projects\grafika\cockpit2\cockpit2\debug\classview.obj
c:\users\neca\documents\visual studio 2015\projects\grafika\cockpit2\cockpit2\debug\cockpit2.obj
c:\users\neca\documents\visual studio 2015\projects\grafika\cockpit2\cockpit2\debug\cockpit2doc.obj
c:\users\neca\documents\visual studio 2015\projects\grafika\cockpit2\cockpit2\debug\cockpit2view.obj
c:\users\neca\documents\visual studio 2015\projects\grafika\cockpit2\cockpit2\debug\fileview.obj
c:\users\neca\documents\visual studio 2015\projects\grafika\cockpit2\cockpit2\debug\mainfrm.obj
c:\users\neca\documents\visual studio 2015\projects\grafika\cockpit2\cockpit2\debug\outputwnd.obj
c:\users\neca\documents\visual studio 2015\projects\grafika\cockpit2\cockpit2\debug\propertieswnd.obj
c:\users\neca\documents\visual studio 2015\projects\grafika\cockpit2\cockpit2\debug\viewtree.obj
c:\users\neca\documents\visual studio 2015\projects\grafika\cockpit2\cockpit2\debug\dimage.obj
c:\users\neca\documents\visual studio 2015\projects\grafika\cockpit2\debug\cockpit2.ilk
c:\users\neca\documents\visual studio 2015\projects\grafika\cockpit2\debug\cockpit2.exe
c:\users\neca\documents\visual studio 2015\projects\grafika\cockpit2\debug\cockpit2.pdb
c:\users\neca\documents\visual studio 2015\projects\grafika\cockpit2\cockpit2\debug\cockpit2.res
c:\users\neca\documents\visual studio 2015\projects\grafika\cockpit2\cockpit2\debug\cockpit2.tlog\cl.command.1.tlog
c:\users\neca\documents\visual studio 2015\projects\grafika\cockpit2\cockpit2\debug\cockpit2.tlog\cl.read.1.tlog
c:\users\neca\documents\visual studio 2015\projects\grafika\cockpit2\cockpit2\debug\cockpit2.tlog\cl.write.1.tlog
c:\users\neca\documents\visual studio 2015\projects\grafika\cockpit2\cockpit2\debug\cockpit2.tlog\link.command.1.tlog
c:\users\neca\documents\visual studio 2015\projects\grafika\cockpit2\cockpit2\debug\cockpit2.tlog\link.read.1.tlog
c:\users\neca\documents\visual studio 2015\projects\grafika\cockpit2\cockpit2\debug\cockpit2.tlog\link.write.1.tlog
c:\users\neca\documents\visual studio 2015\projects\grafika\cockpit2\cockpit2\debug\cockpit2.tlog\rc.command.1.tlog
c:\users\neca\documents\visual studio 2015\projects\grafika\cockpit2\cockpit2\debug\cockpit2.tlog\rc.read.1.tlog
c:\users\neca\documents\visual studio 2015\projects\grafika\cockpit2\cockpit2\debug\cockpit2.tlog\rc.write.1.tlog
