Build started 29.11.2015. 23.42.01.
     1>Project "C:\Users\Neca\Documents\Visual Studio 2015\Projects\Grafika\Cockpit2\Cockpit2\Cockpit2.vcxproj" on node 2 (Build target(s)).
     1>ClCompile:
         C:\Program Files (x86)\Microsoft Visual Studio 14.0\VC\bin\CL.exe /c /ZI /nologo /W3 /WX- /sdl /Od /Oy- /D WIN32 /D _WINDOWS /D _DEBUG /D _UNICODE /D UNICODE /D _AFXDLL /Gm /EHsc /RTC1 /MDd /GS /fp:precise /Zc:wchar_t /Zc:forScope /Zc:inline /Yu"stdafx.h" /Fp"Debug\Cockpit2.pch" /Fo"Debug\\" /Fd"Debug\vc140.pdb" /Gd /TP /analyze- /errorReport:prompt Cockpit2View.cpp
         Cockpit2View.cpp
     1>c:\users\neca\documents\visual studio 2015\projects\grafika\cockpit2\cockpit2\cockpit2view.cpp(307): warning C4244: 'initializing': conversion from 'double' to 'int', possible loss of data
     1>c:\users\neca\documents\visual studio 2015\projects\grafika\cockpit2\cockpit2\cockpit2view.cpp(308): warning C4244: 'initializing': conversion from 'double' to 'int', possible loss of data
     1>c:\users\neca\documents\visual studio 2015\projects\grafika\cockpit2\cockpit2\cockpit2view.cpp(309): warning C4244: 'initializing': conversion from 'double' to 'int', possible loss of data
     1>c:\users\neca\documents\visual studio 2015\projects\grafika\cockpit2\cockpit2\cockpit2view.cpp(336): warning C4244: 'initializing': conversion from 'double' to 'int', possible loss of data
     1>c:\users\neca\documents\visual studio 2015\projects\grafika\cockpit2\cockpit2\cockpit2view.cpp(376): warning C4244: 'argument': conversion from 'double' to 'int', possible loss of data
     1>c:\users\neca\documents\visual studio 2015\projects\grafika\cockpit2\cockpit2\cockpit2view.cpp(421): warning C4244: '=': conversion from 'double' to 'int', possible loss of data
     1>c:\users\neca\documents\visual studio 2015\projects\grafika\cockpit2\cockpit2\cockpit2view.cpp(426): warning C4244: '=': conversion from 'double' to 'int', possible loss of data
     1>c:\users\neca\documents\visual studio 2015\projects\grafika\cockpit2\cockpit2\cockpit2view.cpp(474): warning C4244: 'argument': conversion from 'double' to 'int', possible loss of data
     1>c:\users\neca\documents\visual studio 2015\projects\grafika\cockpit2\cockpit2\cockpit2view.cpp(475): warning C4244: 'argument': conversion from 'double' to 'int', possible loss of data
     1>c:\users\neca\documents\visual studio 2015\projects\grafika\cockpit2\cockpit2\cockpit2view.cpp(478): warning C4244: 'argument': conversion from 'double' to 'int', possible loss of data
     1>c:\users\neca\documents\visual studio 2015\projects\grafika\cockpit2\cockpit2\cockpit2view.cpp(479): warning C4244: 'argument': conversion from 'double' to 'int', possible loss of data
     1>c:\users\neca\documents\visual studio 2015\projects\grafika\cockpit2\cockpit2\cockpit2view.cpp(484): warning C4244: 'initializing': conversion from 'double' to 'int', possible loss of data
     1>c:\users\neca\documents\visual studio 2015\projects\grafika\cockpit2\cockpit2\cockpit2view.cpp(491): warning C4244: 'argument': conversion from 'double' to 'int', possible loss of data
     1>c:\users\neca\documents\visual studio 2015\projects\grafika\cockpit2\cockpit2\cockpit2view.cpp(492): warning C4244: 'argument': conversion from 'double' to 'int', possible loss of data
     1>c:\users\neca\documents\visual studio 2015\projects\grafika\cockpit2\cockpit2\cockpit2view.cpp(495): warning C4244: '=': conversion from 'double' to 'int', possible loss of data
     1>c:\users\neca\documents\visual studio 2015\projects\grafika\cockpit2\cockpit2\cockpit2view.cpp(499): warning C4244: 'argument': conversion from 'double' to 'int', possible loss of data
     1>c:\users\neca\documents\visual studio 2015\projects\grafika\cockpit2\cockpit2\cockpit2view.cpp(515): warning C4244: 'argument': conversion from 'double' to 'int', possible loss of data
     1>c:\users\neca\documents\visual studio 2015\projects\grafika\cockpit2\cockpit2\cockpit2view.cpp(516): warning C4244: 'argument': conversion from 'double' to 'int', possible loss of data
     1>c:\users\neca\documents\visual studio 2015\projects\grafika\cockpit2\cockpit2\cockpit2view.cpp(518): warning C4244: '=': conversion from 'double' to 'int', possible loss of data
     1>c:\users\neca\documents\visual studio 2015\projects\grafika\cockpit2\cockpit2\cockpit2view.cpp(527): warning C4244: 'argument': conversion from 'double' to 'int', possible loss of data
     1>c:\users\neca\documents\visual studio 2015\projects\grafika\cockpit2\cockpit2\cockpit2view.cpp(533): warning C4244: 'argument': conversion from 'double' to 'int', possible loss of data
     1>c:\users\neca\documents\visual studio 2015\projects\grafika\cockpit2\cockpit2\cockpit2view.cpp(608): warning C4244: 'argument': conversion from 'double' to 'int', possible loss of data
     1>c:\users\neca\documents\visual studio 2015\projects\grafika\cockpit2\cockpit2\cockpit2view.cpp(614): warning C4244: 'argument': conversion from 'double' to 'int', possible loss of data
     1>c:\users\neca\documents\visual studio 2015\projects\grafika\cockpit2\cockpit2\cockpit2view.cpp(615): warning C4244: 'argument': conversion from 'double' to 'int', possible loss of data
     1>c:\users\neca\documents\visual studio 2015\projects\grafika\cockpit2\cockpit2\cockpit2view.cpp(616): warning C4244: 'argument': conversion from 'double' to 'int', possible loss of data
     1>c:\users\neca\documents\visual studio 2015\projects\grafika\cockpit2\cockpit2\cockpit2view.cpp(617): warning C4244: 'argument': conversion from 'double' to 'int', possible loss of data
     1>c:\users\neca\documents\visual studio 2015\projects\grafika\cockpit2\cockpit2\cockpit2view.cpp(631): warning C4244: 'initializing': conversion from 'double' to 'int', possible loss of data
     1>c:\users\neca\documents\visual studio 2015\projects\grafika\cockpit2\cockpit2\cockpit2view.cpp(637): warning C4244: 'argument': conversion from 'double' to 'int', possible loss of data
     1>c:\users\neca\documents\visual studio 2015\projects\grafika\cockpit2\cockpit2\cockpit2view.cpp(638): warning C4244: 'argument': conversion from 'double' to 'int', possible loss of data
     1>c:\users\neca\documents\visual studio 2015\projects\grafika\cockpit2\cockpit2\cockpit2view.cpp(641): warning C4244: 'argument': conversion from 'double' to 'int', possible loss of data
     1>c:\users\neca\documents\visual studio 2015\projects\grafika\cockpit2\cockpit2\cockpit2view.cpp(642): warning C4244: 'argument': conversion from 'double' to 'int', possible loss of data
     1>c:\users\neca\documents\visual studio 2015\projects\grafika\cockpit2\cockpit2\cockpit2view.cpp(643): warning C4244: 'argument': conversion from 'double' to 'int', possible loss of data
     1>c:\users\neca\documents\visual studio 2015\projects\grafika\cockpit2\cockpit2\cockpit2view.cpp(644): warning C4244: 'argument': conversion from 'double' to 'int', possible loss of data
     1>c:\users\neca\documents\visual studio 2015\projects\grafika\cockpit2\cockpit2\cockpit2view.cpp(648): warning C4244: 'argument': conversion from 'double' to 'int', possible loss of data
     1>c:\users\neca\documents\visual studio 2015\projects\grafika\cockpit2\cockpit2\cockpit2view.cpp(649): warning C4244: 'argument': conversion from 'double' to 'int', possible loss of data
     1>c:\users\neca\documents\visual studio 2015\projects\grafika\cockpit2\cockpit2\cockpit2view.cpp(652): warning C4244: 'argument': conversion from 'double' to 'int', possible loss of data
     1>c:\users\neca\documents\visual studio 2015\projects\grafika\cockpit2\cockpit2\cockpit2view.cpp(654): warning C4244: 'argument': conversion from 'double' to 'int', possible loss of data
     1>c:\users\neca\documents\visual studio 2015\projects\grafika\cockpit2\cockpit2\cockpit2view.cpp(717): warning C4244: 'argument': conversion from 'double' to 'int', possible loss of data
     1>c:\users\neca\documents\visual studio 2015\projects\grafika\cockpit2\cockpit2\cockpit2view.cpp(757): warning C4244: 'argument': conversion from 'double' to 'int', possible loss of data
     1>c:\users\neca\documents\visual studio 2015\projects\grafika\cockpit2\cockpit2\cockpit2view.cpp(759): warning C4244: 'argument': conversion from 'double' to 'int', possible loss of data
     1>c:\users\neca\documents\visual studio 2015\projects\grafika\cockpit2\cockpit2\cockpit2view.cpp(760): warning C4244: 'argument': conversion from 'double' to 'int', possible loss of data
     1>c:\users\neca\documents\visual studio 2015\projects\grafika\cockpit2\cockpit2\cockpit2view.cpp(761): warning C4244: 'argument': conversion from 'double' to 'int', possible loss of data
     1>c:\users\neca\documents\visual studio 2015\projects\grafika\cockpit2\cockpit2\cockpit2view.cpp(762): warning C4244: 'argument': conversion from 'double' to 'int', possible loss of data
     1>c:\users\neca\documents\visual studio 2015\projects\grafika\cockpit2\cockpit2\cockpit2view.cpp(764): warning C4244: 'argument': conversion from 'double' to 'int', possible loss of data
     1>c:\users\neca\documents\visual studio 2015\projects\grafika\cockpit2\cockpit2\cockpit2view.cpp(765): warning C4244: 'argument': conversion from 'double' to 'int', possible loss of data
     1>c:\users\neca\documents\visual studio 2015\projects\grafika\cockpit2\cockpit2\cockpit2view.cpp(768): warning C4244: 'argument': conversion from 'double' to 'int', possible loss of data
     1>c:\users\neca\documents\visual studio 2015\projects\grafika\cockpit2\cockpit2\cockpit2view.cpp(770): warning C4244: 'argument': conversion from 'double' to 'int', possible loss of data
     1>c:\users\neca\documents\visual studio 2015\projects\grafika\cockpit2\cockpit2\cockpit2view.cpp(771): warning C4244: 'argument': conversion from 'double' to 'int', possible loss of data
     1>c:\users\neca\documents\visual studio 2015\projects\grafika\cockpit2\cockpit2\cockpit2view.cpp(772): warning C4244: 'argument': conversion from 'double' to 'int', possible loss of data
     1>c:\users\neca\documents\visual studio 2015\projects\grafika\cockpit2\cockpit2\cockpit2view.cpp(773): warning C4244: 'argument': conversion from 'double' to 'int', possible loss of data
     1>c:\users\neca\documents\visual studio 2015\projects\grafika\cockpit2\cockpit2\cockpit2view.cpp(774): warning C4244: 'argument': conversion from 'double' to 'int', possible loss of data
     1>c:\users\neca\documents\visual studio 2015\projects\grafika\cockpit2\cockpit2\cockpit2view.cpp(775): warning C4244: 'argument': conversion from 'double' to 'int', possible loss of data
     1>c:\users\neca\documents\visual studio 2015\projects\grafika\cockpit2\cockpit2\cockpit2view.cpp(776): warning C4244: 'argument': conversion from 'double' to 'int', possible loss of data
     1>c:\users\neca\documents\visual studio 2015\projects\grafika\cockpit2\cockpit2\cockpit2view.cpp(777): warning C4244: 'argument': conversion from 'double' to 'int', possible loss of data
     1>c:\users\neca\documents\visual studio 2015\projects\grafika\cockpit2\cockpit2\cockpit2view.cpp(963): warning C4244: 'initializing': conversion from 'double' to 'float', possible loss of data
     1>c:\users\neca\documents\visual studio 2015\projects\grafika\cockpit2\cockpit2\cockpit2view.cpp(964): warning C4244: 'initializing': conversion from 'double' to 'int', possible loss of data
     1>c:\users\neca\documents\visual studio 2015\projects\grafika\cockpit2\cockpit2\cockpit2view.cpp(965): warning C4244: 'initializing': conversion from 'double' to 'int', possible loss of data
     1>c:\users\neca\documents\visual studio 2015\projects\grafika\cockpit2\cockpit2\cockpit2view.cpp(971): warning C4244: 'argument': conversion from 'float' to 'int', possible loss of data
     1>c:\users\neca\documents\visual studio 2015\projects\grafika\cockpit2\cockpit2\cockpit2view.cpp(976): warning C4244: 'initializing': conversion from 'double' to 'int', possible loss of data
     1>c:\users\neca\documents\visual studio 2015\projects\grafika\cockpit2\cockpit2\cockpit2view.cpp(977): warning C4244: 'initializing': conversion from 'double' to 'int', possible loss of data
     1>c:\users\neca\documents\visual studio 2015\projects\grafika\cockpit2\cockpit2\cockpit2view.cpp(982): warning C4244: 'argument': conversion from 'float' to 'int', possible loss of data
     1>c:\users\neca\documents\visual studio 2015\projects\grafika\cockpit2\cockpit2\cockpit2view.cpp(989): warning C4244: 'initializing': conversion from 'double' to 'int', possible loss of data
     1>c:\users\neca\documents\visual studio 2015\projects\grafika\cockpit2\cockpit2\cockpit2view.cpp(990): warning C4244: 'initializing': conversion from 'double' to 'int', possible loss of data
     1>c:\users\neca\documents\visual studio 2015\projects\grafika\cockpit2\cockpit2\cockpit2view.cpp(991): warning C4244: 'argument': conversion from 'float' to 'int', possible loss of data
     1>c:\users\neca\documents\visual studio 2015\projects\grafika\cockpit2\cockpit2\cockpit2view.cpp(997): warning C4244: 'initializing': conversion from 'double' to 'int', possible loss of data
     1>c:\users\neca\documents\visual studio 2015\projects\grafika\cockpit2\cockpit2\cockpit2view.cpp(998): warning C4244: 'initializing': conversion from 'double' to 'int', possible loss of data
     1>c:\users\neca\documents\visual studio 2015\projects\grafika\cockpit2\cockpit2\cockpit2view.cpp(999): warning C4244: 'argument': conversion from 'float' to 'int', possible loss of data
     1>c:\users\neca\documents\visual studio 2015\projects\grafika\cockpit2\cockpit2\cockpit2view.cpp(1010): warning C4244: 'argument': conversion from 'double' to 'int', possible loss of data
     1>c:\users\neca\documents\visual studio 2015\projects\grafika\cockpit2\cockpit2\cockpit2view.cpp(1011): warning C4244: 'argument': conversion from 'double' to 'int', possible loss of data
     1>c:\users\neca\documents\visual studio 2015\projects\grafika\cockpit2\cockpit2\cockpit2view.cpp(1019): warning C4244: 'argument': conversion from 'double' to 'int', possible loss of data
     1>c:\users\neca\documents\visual studio 2015\projects\grafika\cockpit2\cockpit2\cockpit2view.cpp(1020): warning C4244: 'argument': conversion from 'double' to 'int', possible loss of data
     1>c:\users\neca\documents\visual studio 2015\projects\grafika\cockpit2\cockpit2\cockpit2view.cpp(1028): warning C4305: 'initializing': truncation from 'double' to 'float'
     1>c:\users\neca\documents\visual studio 2015\projects\grafika\cockpit2\cockpit2\cockpit2view.cpp(1032): warning C4244: 'argument': conversion from 'float' to 'int', possible loss of data
     1>c:\users\neca\documents\visual studio 2015\projects\grafika\cockpit2\cockpit2\cockpit2view.cpp(1033): warning C4244: 'argument': conversion from 'float' to 'int', possible loss of data
     1>c:\users\neca\documents\visual studio 2015\projects\grafika\cockpit2\cockpit2\cockpit2view.cpp(1034): warning C4244: 'argument': conversion from 'float' to 'int', possible loss of data
     1>c:\users\neca\documents\visual studio 2015\projects\grafika\cockpit2\cockpit2\cockpit2view.cpp(1035): warning C4244: 'argument': conversion from 'float' to 'int', possible loss of data
     1>c:\users\neca\documents\visual studio 2015\projects\grafika\cockpit2\cockpit2\cockpit2view.cpp(1037): warning C4244: 'argument': conversion from 'double' to 'int', possible loss of data
     1>c:\users\neca\documents\visual studio 2015\projects\grafika\cockpit2\cockpit2\cockpit2view.cpp(1037): warning C4244: 'argument': conversion from 'float' to 'int', possible loss of data
     1>c:\users\neca\documents\visual studio 2015\projects\grafika\cockpit2\cockpit2\cockpit2view.cpp(1038): warning C4244: 'argument': conversion from 'double' to 'int', possible loss of data
     1>c:\users\neca\documents\visual studio 2015\projects\grafika\cockpit2\cockpit2\cockpit2view.cpp(1038): warning C4244: 'argument': conversion from 'float' to 'int', possible loss of data
     1>c:\users\neca\documents\visual studio 2015\projects\grafika\cockpit2\cockpit2\cockpit2view.cpp(1039): warning C4244: 'argument': conversion from 'float' to 'int', possible loss of data
     1>c:\users\neca\documents\visual studio 2015\projects\grafika\cockpit2\cockpit2\cockpit2view.cpp(1041): warning C4244: 'argument': conversion from 'double' to 'int', possible loss of data
     1>c:\users\neca\documents\visual studio 2015\projects\grafika\cockpit2\cockpit2\cockpit2view.cpp(1042): warning C4244: 'argument': conversion from 'double' to 'int', possible loss of data
     1>c:\users\neca\documents\visual studio 2015\projects\grafika\cockpit2\cockpit2\cockpit2view.cpp(1043): warning C4244: 'argument': conversion from 'float' to 'int', possible loss of data
     1>c:\users\neca\documents\visual studio 2015\projects\grafika\cockpit2\cockpit2\cockpit2view.cpp(1043): warning C4244: 'argument': conversion from 'double' to 'int', possible loss of data
     1>c:\users\neca\documents\visual studio 2015\projects\grafika\cockpit2\cockpit2\cockpit2view.cpp(1045): warning C4244: 'argument': conversion from 'float' to 'int', possible loss of data
     1>c:\users\neca\documents\visual studio 2015\projects\grafika\cockpit2\cockpit2\cockpit2view.cpp(1045): warning C4244: 'argument': conversion from 'double' to 'int', possible loss of data
     1>c:\users\neca\documents\visual studio 2015\projects\grafika\cockpit2\cockpit2\cockpit2view.cpp(1046): warning C4244: 'argument': conversion from 'float' to 'int', possible loss of data
     1>c:\users\neca\documents\visual studio 2015\projects\grafika\cockpit2\cockpit2\cockpit2view.cpp(1046): warning C4244: 'argument': conversion from 'double' to 'int', possible loss of data
     1>c:\users\neca\documents\visual studio 2015\projects\grafika\cockpit2\cockpit2\cockpit2view.cpp(1047): warning C4244: 'argument': conversion from 'float' to 'int', possible loss of data
     1>c:\users\neca\documents\visual studio 2015\projects\grafika\cockpit2\cockpit2\cockpit2view.cpp(1047): warning C4244: 'argument': conversion from 'double' to 'int', possible loss of data
     1>c:\users\neca\documents\visual studio 2015\projects\grafika\cockpit2\cockpit2\cockpit2view.cpp(1049): warning C4244: 'argument': conversion from 'double' to 'int', possible loss of data
     1>c:\users\neca\documents\visual studio 2015\projects\grafika\cockpit2\cockpit2\cockpit2view.cpp(1049): warning C4244: 'argument': conversion from 'float' to 'int', possible loss of data
     1>c:\users\neca\documents\visual studio 2015\projects\grafika\cockpit2\cockpit2\cockpit2view.cpp(1050): warning C4244: 'argument': conversion from 'double' to 'int', possible loss of data
     1>c:\users\neca\documents\visual studio 2015\projects\grafika\cockpit2\cockpit2\cockpit2view.cpp(1050): warning C4244: 'argument': conversion from 'float' to 'int', possible loss of data
     1>c:\users\neca\documents\visual studio 2015\projects\grafika\cockpit2\cockpit2\cockpit2view.cpp(1051): warning C4244: 'argument': conversion from 'float' to 'int', possible loss of data
     1>c:\users\neca\documents\visual studio 2015\projects\grafika\cockpit2\cockpit2\cockpit2view.cpp(1056): warning C4244: 'initializing': conversion from 'double' to 'float', possible loss of data
     1>c:\users\neca\documents\visual studio 2015\projects\grafika\cockpit2\cockpit2\cockpit2view.cpp(1057): warning C4244: 'initializing': conversion from 'double' to 'float', possible loss of data
     1>c:\users\neca\documents\visual studio 2015\projects\grafika\cockpit2\cockpit2\cockpit2view.cpp(1058): warning C4244: 'initializing': conversion from 'double' to 'float', possible loss of data
     1>c:\users\neca\documents\visual studio 2015\projects\grafika\cockpit2\cockpit2\cockpit2view.cpp(1059): warning C4244: 'initializing': conversion from 'double' to 'float', possible loss of data
     1>c:\users\neca\documents\visual studio 2015\projects\grafika\cockpit2\cockpit2\cockpit2view.cpp(1064): warning C4244: 'argument': conversion from 'float' to 'int', possible loss of data
     1>c:\users\neca\documents\visual studio 2015\projects\grafika\cockpit2\cockpit2\cockpit2view.cpp(1065): warning C4244: 'argument': conversion from 'double' to 'int', possible loss of data
     1>c:\users\neca\documents\visual studio 2015\projects\grafika\cockpit2\cockpit2\cockpit2view.cpp(1065): warning C4244: 'argument': conversion from 'float' to 'int', possible loss of data
     1>c:\users\neca\documents\visual studio 2015\projects\grafika\cockpit2\cockpit2\cockpit2view.cpp(1066): warning C4244: 'argument': conversion from 'double' to 'int', possible loss of data
     1>c:\users\neca\documents\visual studio 2015\projects\grafika\cockpit2\cockpit2\cockpit2view.cpp(1067): warning C4244: 'argument': conversion from 'float' to 'int', possible loss of data
     1>c:\users\neca\documents\visual studio 2015\projects\grafika\cockpit2\cockpit2\cockpit2view.cpp(1069): warning C4244: 'argument': conversion from 'float' to 'int', possible loss of data
     1>c:\users\neca\documents\visual studio 2015\projects\grafika\cockpit2\cockpit2\cockpit2view.cpp(1069): warning C4244: 'argument': conversion from 'double' to 'int', possible loss of data
     1>c:\users\neca\documents\visual studio 2015\projects\grafika\cockpit2\cockpit2\cockpit2view.cpp(1070): warning C4244: 'argument': conversion from 'float' to 'int', possible loss of data
     1>c:\users\neca\documents\visual studio 2015\projects\grafika\cockpit2\cockpit2\cockpit2view.cpp(1070): warning C4244: 'argument': conversion from 'double' to 'int', possible loss of data
     1>c:\users\neca\documents\visual studio 2015\projects\grafika\cockpit2\cockpit2\cockpit2view.cpp(1071): warning C4244: 'argument': conversion from 'float' to 'int', possible loss of data
     1>c:\users\neca\documents\visual studio 2015\projects\grafika\cockpit2\cockpit2\cockpit2view.cpp(1071): warning C4244: 'argument': conversion from 'double' to 'int', possible loss of data
     1>c:\users\neca\documents\visual studio 2015\projects\grafika\cockpit2\cockpit2\cockpit2view.cpp(1073): warning C4244: 'argument': conversion from 'double' to 'int', possible loss of data
     1>c:\users\neca\documents\visual studio 2015\projects\grafika\cockpit2\cockpit2\cockpit2view.cpp(1073): warning C4244: 'argument': conversion from 'float' to 'int', possible loss of data
     1>c:\users\neca\documents\visual studio 2015\projects\grafika\cockpit2\cockpit2\cockpit2view.cpp(1074): warning C4244: 'argument': conversion from 'double' to 'int', possible loss of data
     1>c:\users\neca\documents\visual studio 2015\projects\grafika\cockpit2\cockpit2\cockpit2view.cpp(1074): warning C4244: 'argument': conversion from 'float' to 'int', possible loss of data
     1>c:\users\neca\documents\visual studio 2015\projects\grafika\cockpit2\cockpit2\cockpit2view.cpp(1075): warning C4244: 'argument': conversion from 'float' to 'int', possible loss of data
     1>c:\users\neca\documents\visual studio 2015\projects\grafika\cockpit2\cockpit2\cockpit2view.cpp(1077): warning C4244: 'argument': conversion from 'float' to 'int', possible loss of data
     1>c:\users\neca\documents\visual studio 2015\projects\grafika\cockpit2\cockpit2\cockpit2view.cpp(1077): warning C4244: 'argument': conversion from 'double' to 'int', possible loss of data
     1>c:\users\neca\documents\visual studio 2015\projects\grafika\cockpit2\cockpit2\cockpit2view.cpp(1078): warning C4244: 'argument': conversion from 'float' to 'int', possible loss of data
     1>c:\users\neca\documents\visual studio 2015\projects\grafika\cockpit2\cockpit2\cockpit2view.cpp(1078): warning C4244: 'argument': conversion from 'double' to 'int', possible loss of data
     1>c:\users\neca\documents\visual studio 2015\projects\grafika\cockpit2\cockpit2\cockpit2view.cpp(1079): warning C4244: 'argument': conversion from 'float' to 'int', possible loss of data
     1>c:\users\neca\documents\visual studio 2015\projects\grafika\cockpit2\cockpit2\cockpit2view.cpp(1081): warning C4244: 'argument': conversion from 'double' to 'int', possible loss of data
     1>c:\users\neca\documents\visual studio 2015\projects\grafika\cockpit2\cockpit2\cockpit2view.cpp(1081): warning C4244: 'argument': conversion from 'float' to 'int', possible loss of data
     1>c:\users\neca\documents\visual studio 2015\projects\grafika\cockpit2\cockpit2\cockpit2view.cpp(1082): warning C4244: 'argument': conversion from 'double' to 'int', possible loss of data
     1>c:\users\neca\documents\visual studio 2015\projects\grafika\cockpit2\cockpit2\cockpit2view.cpp(1082): warning C4244: 'argument': conversion from 'float' to 'int', possible loss of data
     1>c:\users\neca\documents\visual studio 2015\projects\grafika\cockpit2\cockpit2\cockpit2view.cpp(1083): warning C4244: 'argument': conversion from 'float' to 'int', possible loss of data
     1>c:\users\neca\documents\visual studio 2015\projects\grafika\cockpit2\cockpit2\cockpit2view.cpp(1085): warning C4244: 'argument': conversion from 'float' to 'int', possible loss of data
     1>c:\users\neca\documents\visual studio 2015\projects\grafika\cockpit2\cockpit2\cockpit2view.cpp(1086): warning C4244: 'argument': conversion from 'float' to 'int', possible loss of data
     1>c:\users\neca\documents\visual studio 2015\projects\grafika\cockpit2\cockpit2\cockpit2view.cpp(1087): warning C4244: 'argument': conversion from 'float' to 'int', possible loss of data
     1>c:\users\neca\documents\visual studio 2015\projects\grafika\cockpit2\cockpit2\cockpit2view.cpp(1089): warning C4244: 'argument': conversion from 'double' to 'int', possible loss of data
     1>c:\users\neca\documents\visual studio 2015\projects\grafika\cockpit2\cockpit2\cockpit2view.cpp(1090): warning C4244: 'argument': conversion from 'double' to 'int', possible loss of data
     1>c:\users\neca\documents\visual studio 2015\projects\grafika\cockpit2\cockpit2\cockpit2view.cpp(1090): warning C4244: 'argument': conversion from 'float' to 'int', possible loss of data
     1>c:\users\neca\documents\visual studio 2015\projects\grafika\cockpit2\cockpit2\cockpit2view.cpp(1091): warning C4244: 'argument': conversion from 'float' to 'int', possible loss of data
     1>c:\users\neca\documents\visual studio 2015\projects\grafika\cockpit2\cockpit2\cockpit2view.cpp(1093): warning C4244: 'argument': conversion from 'double' to 'int', possible loss of data
     1>c:\users\neca\documents\visual studio 2015\projects\grafika\cockpit2\cockpit2\cockpit2view.cpp(1094): warning C4244: 'argument': conversion from 'double' to 'int', possible loss of data
     1>c:\users\neca\documents\visual studio 2015\projects\grafika\cockpit2\cockpit2\cockpit2view.cpp(1095): warning C4244: 'argument': conversion from 'float' to 'int', possible loss of data
     1>c:\users\neca\documents\visual studio 2015\projects\grafika\cockpit2\cockpit2\cockpit2view.cpp(1122): warning C4129: 'S': unrecognized character escape sequence
     1>c:\users\neca\documents\visual studio 2015\projects\grafika\cockpit2\cockpit2\cockpit2view.cpp(1142): warning C4244: 'initializing': conversion from 'double' to 'float', possible loss of data
     1>c:\users\neca\documents\visual studio 2015\projects\grafika\cockpit2\cockpit2\cockpit2view.cpp(1143): warning C4244: 'initializing': conversion from 'double' to 'float', possible loss of data
     1>c:\users\neca\documents\visual studio 2015\projects\grafika\cockpit2\cockpit2\cockpit2view.cpp(1144): warning C4305: 'initializing': truncation from 'double' to 'float'
     1>c:\users\neca\documents\visual studio 2015\projects\grafika\cockpit2\cockpit2\cockpit2view.cpp(1145): warning C4305: 'initializing': truncation from 'double' to 'float'
     1>c:\users\neca\documents\visual studio 2015\projects\grafika\cockpit2\cockpit2\cockpit2view.cpp(1148): warning C4244: 'argument': conversion from 'float' to 'int', possible loss of data
     1>c:\users\neca\documents\visual studio 2015\projects\grafika\cockpit2\cockpit2\cockpit2view.cpp(1149): warning C4244: 'argument': conversion from 'float' to 'int', possible loss of data
     1>c:\users\neca\documents\visual studio 2015\projects\grafika\cockpit2\cockpit2\cockpit2view.cpp(1150): warning C4244: 'argument': conversion from 'float' to 'int', possible loss of data
     1>c:\users\neca\documents\visual studio 2015\projects\grafika\cockpit2\cockpit2\cockpit2view.cpp(1151): warning C4244: 'argument': conversion from 'float' to 'int', possible loss of data
     1>c:\users\neca\documents\visual studio 2015\projects\grafika\cockpit2\cockpit2\cockpit2view.cpp(1153): warning C4244: 'argument': conversion from 'float' to 'int', possible loss of data
     1>c:\users\neca\documents\visual studio 2015\projects\grafika\cockpit2\cockpit2\cockpit2view.cpp(1154): warning C4244: 'argument': conversion from 'float' to 'int', possible loss of data
     1>c:\users\neca\documents\visual studio 2015\projects\grafika\cockpit2\cockpit2\cockpit2view.cpp(1155): warning C4244: 'argument': conversion from 'double' to 'int', possible loss of data
     1>c:\users\neca\documents\visual studio 2015\projects\grafika\cockpit2\cockpit2\cockpit2view.cpp(1155): warning C4244: 'argument': conversion from 'float' to 'int', possible loss of data
     1>c:\users\neca\documents\visual studio 2015\projects\grafika\cockpit2\cockpit2\cockpit2view.cpp(1157): warning C4244: 'argument': conversion from 'double' to 'int', possible loss of data
     1>c:\users\neca\documents\visual studio 2015\projects\grafika\cockpit2\cockpit2\cockpit2view.cpp(1158): warning C4244: 'argument': conversion from 'double' to 'int', possible loss of data
     1>c:\users\neca\documents\visual studio 2015\projects\grafika\cockpit2\cockpit2\cockpit2view.cpp(1159): warning C4244: 'argument': conversion from 'double' to 'int', possible loss of data
     1>c:\users\neca\documents\visual studio 2015\projects\grafika\cockpit2\cockpit2\cockpit2view.cpp(1159): warning C4244: 'argument': conversion from 'float' to 'int', possible loss of data
     1>c:\users\neca\documents\visual studio 2015\projects\grafika\cockpit2\cockpit2\cockpit2view.cpp(1161): warning C4244: 'argument': conversion from 'double' to 'int', possible loss of data
     1>c:\users\neca\documents\visual studio 2015\projects\grafika\cockpit2\cockpit2\cockpit2view.cpp(1161): warning C4244: 'argument': conversion from 'float' to 'int', possible loss of data
     1>c:\users\neca\documents\visual studio 2015\projects\grafika\cockpit2\cockpit2\cockpit2view.cpp(1162): warning C4244: 'argument': conversion from 'double' to 'int', possible loss of data
     1>c:\users\neca\documents\visual studio 2015\projects\grafika\cockpit2\cockpit2\cockpit2view.cpp(1162): warning C4244: 'argument': conversion from 'float' to 'int', possible loss of data
     1>c:\users\neca\documents\visual studio 2015\projects\grafika\cockpit2\cockpit2\cockpit2view.cpp(1163): warning C4244: 'argument': conversion from 'double' to 'int', possible loss of data
     1>c:\users\neca\documents\visual studio 2015\projects\grafika\cockpit2\cockpit2\cockpit2view.cpp(1163): warning C4244: 'argument': conversion from 'float' to 'int', possible loss of data
     1>c:\users\neca\documents\visual studio 2015\projects\grafika\cockpit2\cockpit2\cockpit2view.cpp(1165): warning C4244: 'argument': conversion from 'float' to 'int', possible loss of data
     1>c:\users\neca\documents\visual studio 2015\projects\grafika\cockpit2\cockpit2\cockpit2view.cpp(1166): warning C4244: 'argument': conversion from 'float' to 'int', possible loss of data
     1>c:\users\neca\documents\visual studio 2015\projects\grafika\cockpit2\cockpit2\cockpit2view.cpp(1167): warning C4244: 'argument': conversion from 'float' to 'int', possible loss of data
     1>c:\users\neca\documents\visual studio 2015\projects\grafika\cockpit2\cockpit2\cockpit2view.cpp(1169): warning C4244: 'argument': conversion from 'double' to 'int', possible loss of data
     1>c:\users\neca\documents\visual studio 2015\projects\grafika\cockpit2\cockpit2\cockpit2view.cpp(1169): warning C4244: 'argument': conversion from 'float' to 'int', possible loss of data
     1>c:\users\neca\documents\visual studio 2015\projects\grafika\cockpit2\cockpit2\cockpit2view.cpp(1170): warning C4244: 'argument': conversion from 'double' to 'int', possible loss of data
     1>c:\users\neca\documents\visual studio 2015\projects\grafika\cockpit2\cockpit2\cockpit2view.cpp(1170): warning C4244: 'argument': conversion from 'float' to 'int', possible loss of data
     1>c:\users\neca\documents\visual studio 2015\projects\grafika\cockpit2\cockpit2\cockpit2view.cpp(1171): warning C4244: 'argument': conversion from 'float' to 'int', possible loss of data
     1>c:\users\neca\documents\visual studio 2015\projects\grafika\cockpit2\cockpit2\cockpit2view.cpp(1209): warning C4305: 'initializing': truncation from 'double' to 'float'
     1>c:\users\neca\documents\visual studio 2015\projects\grafika\cockpit2\cockpit2\cockpit2view.cpp(1210): warning C4244: 'initializing': conversion from 'double' to 'float', possible loss of data
     1>c:\users\neca\documents\visual studio 2015\projects\grafika\cockpit2\cockpit2\cockpit2view.cpp(1211): warning C4305: 'initializing': truncation from 'double' to 'float'
     1>c:\users\neca\documents\visual studio 2015\projects\grafika\cockpit2\cockpit2\cockpit2view.cpp(1214): warning C4244: 'argument': conversion from 'double' to 'int', possible loss of data
     1>c:\users\neca\documents\visual studio 2015\projects\grafika\cockpit2\cockpit2\cockpit2view.cpp(1215): warning C4244: 'argument': conversion from 'double' to 'int', possible loss of data
     1>c:\users\neca\documents\visual studio 2015\projects\grafika\cockpit2\cockpit2\cockpit2view.cpp(1218): warning C4244: 'argument': conversion from 'double' to 'int', possible loss of data
     1>c:\users\neca\documents\visual studio 2015\projects\grafika\cockpit2\cockpit2\cockpit2view.cpp(1219): warning C4244: 'argument': conversion from 'double' to 'int', possible loss of data
     1>c:\users\neca\documents\visual studio 2015\projects\grafika\cockpit2\cockpit2\cockpit2view.cpp(1226): warning C4244: 'argument': conversion from 'float' to 'int', possible loss of data
     1>c:\users\neca\documents\visual studio 2015\projects\grafika\cockpit2\cockpit2\cockpit2view.cpp(1229): warning C4244: 'argument': conversion from 'float' to 'int', possible loss of data
     1>c:\users\neca\documents\visual studio 2015\projects\grafika\cockpit2\cockpit2\cockpit2view.cpp(1232): warning C4244: 'argument': conversion from 'double' to 'int', possible loss of data
     1>c:\users\neca\documents\visual studio 2015\projects\grafika\cockpit2\cockpit2\cockpit2view.cpp(1233): warning C4244: 'argument': conversion from 'double' to 'int', possible loss of data
     1>c:\users\neca\documents\visual studio 2015\projects\grafika\cockpit2\cockpit2\cockpit2view.cpp(1236): warning C4129: 'M': unrecognized character escape sequence
     1>c:\users\neca\documents\visual studio 2015\projects\grafika\cockpit2\cockpit2\cockpit2view.cpp(1255): warning C4244: 'initializing': conversion from 'double' to 'float', possible loss of data
     1>c:\users\neca\documents\visual studio 2015\projects\grafika\cockpit2\cockpit2\cockpit2view.cpp(1256): warning C4244: 'initializing': conversion from 'double' to 'float', possible loss of data
     1>c:\users\neca\documents\visual studio 2015\projects\grafika\cockpit2\cockpit2\cockpit2view.cpp(1259): warning C4244: 'initializing': conversion from 'double' to 'int', possible loss of data
     1>c:\users\neca\documents\visual studio 2015\projects\grafika\cockpit2\cockpit2\cockpit2view.cpp(1266): warning C4244: 'argument': conversion from 'double' to 'int', possible loss of data
     1>c:\users\neca\documents\visual studio 2015\projects\grafika\cockpit2\cockpit2\cockpit2view.cpp(1267): warning C4244: 'argument': conversion from 'double' to 'int', possible loss of data
     1>c:\users\neca\documents\visual studio 2015\projects\grafika\cockpit2\cockpit2\cockpit2view.cpp(1270): warning C4244: 'argument': conversion from 'double' to 'int', possible loss of data
     1>c:\users\neca\documents\visual studio 2015\projects\grafika\cockpit2\cockpit2\cockpit2view.cpp(1294): warning C4244: 'initializing': conversion from 'double' to 'int', possible loss of data
     1>c:\users\neca\documents\visual studio 2015\projects\grafika\cockpit2\cockpit2\cockpit2view.cpp(1295): warning C4244: 'initializing': conversion from 'double' to 'int', possible loss of data
     1>c:\users\neca\documents\visual studio 2015\projects\grafika\cockpit2\cockpit2\cockpit2view.cpp(1296): warning C4244: 'initializing': conversion from 'double' to 'int', possible loss of data
     1>c:\users\neca\documents\visual studio 2015\projects\grafika\cockpit2\cockpit2\cockpit2view.cpp(1297): warning C4244: 'initializing': conversion from 'double' to 'int', possible loss of data
     1>c:\users\neca\documents\visual studio 2015\projects\grafika\cockpit2\cockpit2\cockpit2view.cpp(1303): warning C4244: 'argument': conversion from 'double' to 'int', possible loss of data
     1>c:\users\neca\documents\visual studio 2015\projects\grafika\cockpit2\cockpit2\cockpit2view.cpp(1304): warning C4244: 'argument': conversion from 'double' to 'int', possible loss of data
     1>c:\users\neca\documents\visual studio 2015\projects\grafika\cockpit2\cockpit2\cockpit2view.cpp(1315): warning C4244: 'initializing': conversion from 'double' to 'int', possible loss of data
     1>c:\users\neca\documents\visual studio 2015\projects\grafika\cockpit2\cockpit2\cockpit2view.cpp(1382): warning C4244: 'argument': conversion from 'double' to 'int', possible loss of data
     1>c:\users\neca\documents\visual studio 2015\projects\grafika\cockpit2\cockpit2\cockpit2view.cpp(1383): warning C4244: 'argument': conversion from 'double' to 'int', possible loss of data
     1>c:\users\neca\documents\visual studio 2015\projects\grafika\cockpit2\cockpit2\cockpit2view.cpp(1398): warning C4244: 'initializing': conversion from 'double' to 'int', possible loss of data
     1>c:\users\neca\documents\visual studio 2015\projects\grafika\cockpit2\cockpit2\cockpit2view.cpp(1400): warning C4244: 'argument': conversion from 'double' to 'int', possible loss of data
     1>c:\users\neca\documents\visual studio 2015\projects\grafika\cockpit2\cockpit2\cockpit2view.cpp(1401): warning C4244: 'argument': conversion from 'double' to 'int', possible loss of data
     1>c:\users\neca\documents\visual studio 2015\projects\grafika\cockpit2\cockpit2\cockpit2view.cpp(1402): warning C4244: 'argument': conversion from 'double' to 'int', possible loss of data
     1>c:\users\neca\documents\visual studio 2015\projects\grafika\cockpit2\cockpit2\cockpit2view.cpp(1405): warning C4244: 'argument': conversion from 'double' to 'int', possible loss of data
     1>c:\users\neca\documents\visual studio 2015\projects\grafika\cockpit2\cockpit2\cockpit2view.cpp(1406): warning C4244: 'argument': conversion from 'double' to 'int', possible loss of data
     1>c:\users\neca\documents\visual studio 2015\projects\grafika\cockpit2\cockpit2\cockpit2view.cpp(1408): warning C4244: 'argument': conversion from 'double' to 'int', possible loss of data
     1>c:\users\neca\documents\visual studio 2015\projects\grafika\cockpit2\cockpit2\cockpit2view.cpp(1409): warning C4244: 'argument': conversion from 'double' to 'int', possible loss of data
     1>c:\users\neca\documents\visual studio 2015\projects\grafika\cockpit2\cockpit2\cockpit2view.cpp(1420): warning C4244: 'argument': conversion from 'double' to 'int', possible loss of data
     1>c:\users\neca\documents\visual studio 2015\projects\grafika\cockpit2\cockpit2\cockpit2view.cpp(1421): warning C4244: 'argument': conversion from 'double' to 'int', possible loss of data
     1>c:\users\neca\documents\visual studio 2015\projects\grafika\cockpit2\cockpit2\cockpit2view.cpp(1423): warning C4244: 'argument': conversion from 'double' to 'int', possible loss of data
     1>c:\users\neca\documents\visual studio 2015\projects\grafika\cockpit2\cockpit2\cockpit2view.cpp(1424): warning C4244: 'argument': conversion from 'double' to 'int', possible loss of data
     1>c:\users\neca\documents\visual studio 2015\projects\grafika\cockpit2\cockpit2\cockpit2view.cpp(1430): warning C4244: 'argument': conversion from 'double' to 'int', possible loss of data
     1>c:\users\neca\documents\visual studio 2015\projects\grafika\cockpit2\cockpit2\cockpit2view.cpp(1436): warning C4244: 'argument': conversion from 'double' to 'int', possible loss of data
     1>c:\users\neca\documents\visual studio 2015\projects\grafika\cockpit2\cockpit2\cockpit2view.cpp(1437): warning C4244: 'argument': conversion from 'double' to 'int', possible loss of data
     1>c:\users\neca\documents\visual studio 2015\projects\grafika\cockpit2\cockpit2\cockpit2view.cpp(1446): warning C4244: 'argument': conversion from 'double' to 'int', possible loss of data
     1>c:\users\neca\documents\visual studio 2015\projects\grafika\cockpit2\cockpit2\cockpit2view.cpp(1447): warning C4244: 'argument': conversion from 'double' to 'int', possible loss of data
     1>c:\users\neca\documents\visual studio 2015\projects\grafika\cockpit2\cockpit2\cockpit2view.cpp(1449): warning C4244: 'argument': conversion from 'double' to 'int', possible loss of data
     1>c:\users\neca\documents\visual studio 2015\projects\grafika\cockpit2\cockpit2\cockpit2view.cpp(1450): warning C4244: 'argument': conversion from 'double' to 'int', possible loss of data
     1>c:\users\neca\documents\visual studio 2015\projects\grafika\cockpit2\cockpit2\cockpit2view.cpp(1451): warning C4244: 'argument': conversion from 'double' to 'int', possible loss of data
     1>c:\users\neca\documents\visual studio 2015\projects\grafika\cockpit2\cockpit2\cockpit2view.cpp(1454): warning C4244: 'argument': conversion from 'double' to 'int', possible loss of data
     1>c:\users\neca\documents\visual studio 2015\projects\grafika\cockpit2\cockpit2\cockpit2view.cpp(1455): warning C4244: 'argument': conversion from 'double' to 'int', possible loss of data
     1>c:\users\neca\documents\visual studio 2015\projects\grafika\cockpit2\cockpit2\cockpit2view.cpp(1457): warning C4244: 'argument': conversion from 'double' to 'int', possible loss of data
     1>c:\users\neca\documents\visual studio 2015\projects\grafika\cockpit2\cockpit2\cockpit2view.cpp(1458): warning C4244: 'argument': conversion from 'double' to 'int', possible loss of data
     1>c:\users\neca\documents\visual studio 2015\projects\grafika\cockpit2\cockpit2\cockpit2view.cpp(1467): warning C4244: 'argument': conversion from 'double' to 'int', possible loss of data
     1>c:\users\neca\documents\visual studio 2015\projects\grafika\cockpit2\cockpit2\cockpit2view.cpp(1468): warning C4244: 'argument': conversion from 'double' to 'int', possible loss of data
     1>c:\users\neca\documents\visual studio 2015\projects\grafika\cockpit2\cockpit2\cockpit2view.cpp(1470): warning C4244: 'argument': conversion from 'double' to 'int', possible loss of data
     1>c:\users\neca\documents\visual studio 2015\projects\grafika\cockpit2\cockpit2\cockpit2view.cpp(1471): warning C4244: 'argument': conversion from 'double' to 'int', possible loss of data
     1>c:\users\neca\documents\visual studio 2015\projects\grafika\cockpit2\cockpit2\cockpit2view.cpp(1476): warning C4244: 'argument': conversion from 'double' to 'int', possible loss of data
     1>c:\users\neca\documents\visual studio 2015\projects\grafika\cockpit2\cockpit2\cockpit2view.cpp(1481): warning C4244: 'argument': conversion from 'double' to 'int', possible loss of data
     1>c:\users\neca\documents\visual studio 2015\projects\grafika\cockpit2\cockpit2\cockpit2view.cpp(1482): warning C4244: 'argument': conversion from 'double' to 'int', possible loss of data
       Link:
         C:\Program Files (x86)\Microsoft Visual Studio 14.0\VC\bin\link.exe /ERRORREPORT:PROMPT /OUT:"C:\Users\Neca\Documents\Visual Studio 2015\Projects\Grafika\Cockpit2\Debug\Cockpit2.exe" /INCREMENTAL /NOLOGO /MANIFEST /MANIFESTUAC:"level='asInvoker' uiAccess='false'" /manifest:embed /manifestinput:"C:\Program Files (x86)\Microsoft Visual Studio 14.0\VC\Include\Manifest\dpiaware.manifest" /Debug /PDB:"C:\Users\Neca\Documents\Visual Studio 2015\Projects\Grafika\Cockpit2\Debug\Cockpit2.pdb" /SUBSYSTEM:WINDOWS /TLBID:1 /ENTRY:"wWinMainCRTStartup" /DYNAMICBASE /NXCOMPAT /IMPLIB:"C:\Users\Neca\Documents\Visual Studio 2015\Projects\Grafika\Cockpit2\Debug\Cockpit2.lib" /MACHINE:X86 Debug\Cockpit2.res
         Debug\ClassView.obj
         Debug\Cockpit2.obj
         Debug\Cockpit2Doc.obj
         Debug\Cockpit2View.obj
         Debug\DImage.obj
         Debug\FileView.obj
         Debug\MainFrm.obj
         Debug\OutputWnd.obj
         Debug\PropertiesWnd.obj
         Debug\stdafx.obj
         Debug\ViewTree.obj
         Cockpit2.vcxproj -> C:\Users\Neca\Documents\Visual Studio 2015\Projects\Grafika\Cockpit2\Debug\Cockpit2.exe
     1>Done Building Project "C:\Users\Neca\Documents\Visual Studio 2015\Projects\Grafika\Cockpit2\Cockpit2\Cockpit2.vcxproj" (Build target(s)).

Build succeeded.

Time Elapsed 00:00:01.73
